2023-09-27 13:01:15: ********** OPC DA COLLECTION START INITIATED **********
2023-09-27 13:01:15: Connecting to OPC DA server with prog id: Graybox.Simulator
2023-09-27 13:01:16: Adding group 1sec with samling time 10
2023-09-27 13:01:16: Adding tag numeric.sin.float to group 1sec
2023-09-27 13:01:16: Adding tag numeric.sin.double to group 1sec
2023-09-27 13:01:16: Adding tag numeric.sin.int16 to group 1sec
2023-09-27 13:01:16: Adding tag numeric.sin.uint16 to group 1sec
2023-09-27 13:01:16: Adding tag numeric.sin.int32 to group 1sec
2023-09-27 13:01:16: Adding tag numeric.sin.uint32 to group 1sec
2023-09-27 13:01:16: Adding tag numeric.sin.int64 to group 1sec
2023-09-27 13:01:16: Adding tag numeric.sin.uint64 to group 1sec
2023-09-27 13:01:16: Adding tag numeric.triangle.double to group 1sec
2023-09-27 13:01:16: Adding tag numeric.triangle.float to group 1sec
2023-09-27 13:01:16: Adding tag numeric.triangle.int16 to group 1sec
2023-09-27 13:01:16: Adding tag numeric.triangle.uint16 to group 1sec
2023-09-27 13:01:16: Adding tag numeric.triangle.int32 to group 1sec
2023-09-27 13:01:16: Adding tag numeric.triangle.uint32 to group 1sec
2023-09-27 13:01:16: Adding tag numeric.triangle.int64 to group 1sec
2023-09-27 13:01:16: Adding tag numeric.triangle.uint64 to group 1sec
2023-09-27 13:01:16: Adding tag numeric.square.float to group 1sec
2023-09-27 13:01:16: Adding tag numeric.square.double to group 1sec
2023-09-27 13:01:16: Adding tag numeric.saw.float to group 1sec
2023-09-27 13:01:16: Adding tag numeric.saw.double to group 1sec
2023-09-27 13:01:16: Adding tag numeric.random.float to group 1sec
2023-09-27 13:01:16: Adding tag numeric.random.double to group 1sec
2023-09-27 13:01:16: Adding tag options.squarefreq to group 1sec
2023-09-27 13:01:16: OpcItemResult error: OPC_UNKNOWN: -1073479673, options.squarefreq, removing tag from group!
2023-09-27 13:01:16: Adding group 15sec with samling time 15
2023-09-27 13:01:16: Adding tag numeric.saw.uint16 to group 15sec
2023-09-27 13:01:16: Adding tag numeric.saw.uint32 to group 15sec
2023-09-27 13:01:16: ********** OPC DA COLLECTION START COMPLETED **********
2023-09-27 13:01:16: ********** Press <Enter> to close **********
